10/02/2023 - 15:42:03	Code inconnu	"mongoose is not defined"
10/02/2023 - 15:42:44	Code inconnu	"mongoose is not defined"
10/02/2023 - 15:43:31	Code inconnu	"mongoose is not defined"
10/02/2023 - 15:44:02	Code inconnu	"mongoose is not defined"
10/03/2023 - 00:18:19	Code: 500	"Match.all is not a function"
10/03/2023 - 00:18:39	Code: 500	"matches.map is not a function"
10/03/2023 - 00:18:56	Code: 500	"matches.map is not a function"
10/03/2023 - 00:19:56	Code: 500	"$all needs an array"
10/03/2023 - 00:20:45	Code: 500	"Cannot read properties of undefined (reading '0')"
10/03/2023 - 00:24:47	Code: 500	"Cannot read properties of undefined (reading 'label')"
10/03/2023 - 00:24:48	Code: 500	"Cannot read properties of undefined (reading 'label')"
10/03/2023 - 00:25:28	Code: 500	"Cannot read properties of undefined (reading 'label')"
10/03/2023 - 00:25:35	Code: 500	"Cannot read properties of undefined (reading 'label')"
03/10/2023 - 09:12:27	Code: 500	"Cannot read properties of undefined (reading 'label')"
03/10/2023 - 09:14:38	Code: 500	"Cannot read properties of undefined (reading 'name')"
03/10/2023 - 09:15:24	Code: 500	"Cannot read properties of undefined (reading 'name')"
03/10/2023 - 09:17:36	Code: 500	"Cannot read properties of undefined (reading 'name')"
03/10/2023 - 10:20:07	Code: 500	"matchDetails is not defined"
03/10/2023 - 10:20:13	Code: 500	"matchDetails is not defined"
03/10/2023 - 10:21:47	Code: 500	"Cannot read properties of undefined (reading '0')"
03/10/2023 - 11:44:14	Code: 500	"Cannot read properties of undefined (reading '0')"
03/10/2023 - 11:46:11	Code: 500	"Cannot read properties of undefined (reading '0')"
03/10/2023 - 11:47:20	Code: 500	"Cannot read properties of undefined (reading '0')"
03/10/2023 - 11:47:30	Code: 500	"Cannot read properties of undefined (reading '0')"
03/10/2023 - 11:48:17	Code: 500	"Cannot read properties of undefined (reading '0')"
03/10/2023 - 11:49:29	Code: 500	"Cannot read properties of undefined (reading '0')"
03/10/2023 - 11:50:23	Code: 500	"Cannot read properties of undefined (reading '0')"
03/10/2023 - 11:50:35	Code: 500	"Cannot read properties of undefined (reading '0')"
03/10/2023 - 12:14:22	Code: 500	"Invalid status code: { message: 'Commentaire ajouté' }"
03/10/2023 - 15:20:00	Code: 500	"Cannot read properties of null (reading '_id')"
04/10/2023 - 16:54:41	Code: 500	"E11000 duplicate key error collection: test.users index: email_1 dup key: { email: \"karl@gmail.com\" }"
04/10/2023 - 16:57:32	Code: 500	"user validation failed: email: Path `email` is required., password: Path `password` (`1is`) is shorter than the minimum allowed length (6)."
04/10/2023 - 17:00:12	Code: 500	"user validation failed: email: tamère en string, password: Path `password` (`1is`) is shorter than the minimum allowed length (6)."
04/10/2023 - 17:00:31	Code: 500	"user validation failed: email: sdis en force, password: Path `password` (`1is`) is shorter than the minimum allowed length (6)."
04/10/2023 - 17:02:13	Code: 500	"user validation failed: email: Merci de saisir un email, password: Le mot de passe doit avoir 6 caractères minimum"
04/10/2023 - 17:02:30	Code: 500	"user validation failed: password: Le mot de passe doit avoir 6 caractères minimum"
04/10/2023 - 17:02:45	Code: 500	"E11000 duplicate key error collection: test.users index: email_1 dup key: { email: \"karl@gmail.com\" }"
05/10/2023 - 17:34:08	Code: 500	"le port 'function(req, res, next) {\n    app.handle(req, res, next);\n  }' est invalide"
05/10/2023 - 17:34:08	Code: 500	"options.port should be >= 0 and < 65536. Received type number (NaN)."
05/10/2023 - 17:34:33	Code: 500	"le port 'function(req, res, next) {\n    app.handle(req, res, next);\n  }' est invalide"
05/10/2023 - 17:34:33	Code: 500	"options.port should be >= 0 and < 65536. Received type number (NaN)."
05/10/2023 - 17:34:47	Code: 500	"le port 'function(req, res, next) {\n    app.handle(req, res, next);\n  }' est invalide"
05/10/2023 - 17:34:47	Code: 500	"options.port should be >= 0 and < 65536. Received type number (NaN)."
06/10/2023 - 16:33:05	Code: 500	"\"expires\" is not allowed in \"options\""
07/10/2023 - 14:30:54	Code: 500	"Comment is not defined"
07/10/2023 - 14:32:18	Code: 500	"Comment is not defined"
07/10/2023 - 14:33:45	Code: 500	"Comment is not defined"
07/10/2023 - 14:37:16	Code: 500	"Comment is not defined"
07/10/2023 - 16:02:04	Code: 500	"Comment is not defined"
11/10/2023 - 16:55:53	Code: 500	"Operation `matches.find()` buffering timed out after 10000ms"
11/10/2023 - 16:57:18	Code: 500	"Operation `matches.find()` buffering timed out after 10000ms"
11/10/2023 - 16:57:41	Code: 500	"Operation `matches.find()` buffering timed out after 10000ms"
11/10/2023 - 16:58:00	Code: 500	"Operation `matches.find()` buffering timed out after 10000ms"
11/10/2023 - 20:47:13	Code inconnu	"Operation `matches.deleteMany()` buffering timed out after 10000ms"
11/10/2023 - 20:50:23	Code inconnu	"Match.destroy is not a function"
11/10/2023 - 21:27:31	Code: 500	"Match.findAll is not a function"
11/10/2023 - 21:28:37	Code: 500	"Match.findAll is not a function"
11/10/2023 - 21:29:21	Code: 500	"Match.findAll is not a function"
11/10/2023 - 22:02:41	Code: 500	"No database selected"
11/10/2023 - 22:02:48	Code inconnu	"No database selected"
11/10/2023 - 22:05:41	Code inconnu	"No database selected"
11/10/2023 - 22:32:38	Code inconnu	"Unknown database 'sdis-node'"
11/10/2023 - 22:40:52	Code inconnu	"Unknown database 'sdis-node'"
11/10/2023 - 23:47:34	Code: 500	"JSON.stringify(...).map is not a function"
11/10/2023 - 23:47:58	Code: 500	"JSON.stringify(...).map is not a function"
11/10/2023 - 23:48:31	Code: 500	"JSON.stringify(...).map is not a function"
11/10/2023 - 23:49:15	Code: 500	"JSON.stringify(...).map is not a function"
11/10/2023 - 23:49:35	Code: 500	"JSON.stringify(...).map is not a function"
11/10/2023 - 23:49:50	Code: 500	"matches.map is not a function"
11/10/2023 - 23:52:10	Code: 500	"matches.map is not a function"
12/10/2023 - 00:12:07	Code: 500	"Match.findAll(...).toJSON is not a function"
12/10/2023 - 00:12:34	Code: 500	"matches.toJSON is not a function"
12/10/2023 - 00:19:43	Code: 500	"m.toJson is not a function"
12/10/2023 - 00:20:10	Code: 500	"m.toJson is not a function"
12/10/2023 - 09:03:18	Code: 500	"match.toJson is not a function"
12/10/2023 - 09:03:48	Code: 500	"match.toJson is not a function"
12/10/2023 - 09:30:12	Code: 500	"Cannot read properties of null (reading 'toJSON')"
12/10/2023 - 09:42:45	Code: 500	"formated is not defined"
12/10/2023 - 09:44:29	Code: 500	"match.toJSON is not a function"
12/10/2023 - 09:44:53	Code: 500	"match.toJSON is not a function"
12/10/2023 - 09:45:04	Code: 500	"match.toJSON is not a function"
12/10/2023 - 09:45:35	Code: 500	"Unexpected token o in JSON at position 1"
12/10/2023 - 09:45:39	Code: 500	"Unexpected token o in JSON at position 1"
12/10/2023 - 09:48:17	Code: 500	"match.formated.toJSON is not a function"
12/10/2023 - 09:52:57	Code: 500	"Match.find is not a function"
12/10/2023 - 09:55:52	Code: 500	"match.toJSON is not a function"
12/10/2023 - 09:56:58	Code: 500	"match.toJSON is not a function"
12/10/2023 - 10:07:14	Code: 500	"Unexpected token o in JSON at position 1"
12/10/2023 - 10:07:48	Code: 500	"Unexpected token o in JSON at position 1"
12/10/2023 - 10:07:49	Code: 500	"Unexpected token o in JSON at position 1"
12/10/2023 - 10:08:14	Code: 500	"Unexpected token o in JSON at position 1"
12/10/2023 - 10:09:51	Code: 500	"Unexpected token o in JSON at position 1"
12/10/2023 - 19:55:48	Code: 500	"Match.findByPk is not a function"
12/10/2023 - 19:56:43	Code: 500	"Comment validation failed: match: Cast to ObjectId failed for value \"1\" (type number) at path \"match\" because of \"BSONError\""
12/10/2023 - 19:57:20	Code: 500	"Comment validation failed: match: Cast to ObjectId failed for value \"1\" (type number) at path \"match\" because of \"BSONError\""
12/10/2023 - 19:58:22	Code: 500	"Comment.sync is not a function"
12/10/2023 - 19:58:46	Code: 500	"Comment.sync is not a function"
12/10/2023 - 19:59:51	Code: 500	"Comment.sync is not a function"
12/10/2023 - 20:00:30	Code: 500	"Comment.sync is not a function"
12/10/2023 - 20:01:20	Code: 500	"Cannot read properties of undefined (reading 'name')"
12/10/2023 - 20:02:01	Code: 500	"Cannot read properties of undefined (reading 'name')"
12/10/2023 - 20:03:19	Code: 500	"Cannot read properties of undefined (reading 'name')"
12/10/2023 - 20:04:23	Code: 500	"Cannot read properties of undefined (reading 'name')"
12/10/2023 - 20:06:35	Code: 500	"Cannot read properties of undefined (reading 'name')"
12/10/2023 - 20:16:12	Code: 500	"Cannot read properties of undefined (reading 'name')"
12/10/2023 - 20:16:37	Code: 500	"Cannot read properties of undefined (reading 'name')"
12/10/2023 - 20:20:23	Code: 500	"Cannot read properties of undefined (reading 'name')"
12/10/2023 - 21:22:48	Code: 500	"Cannot read properties of undefined (reading 'name')"
12/10/2023 - 21:23:54	Code: 500	"Cannot read properties of undefined (reading 'name')"
12/10/2023 - 21:25:50	Code: 500	"Cannot read properties of undefined (reading 'name')"
12/10/2023 - 21:27:11	Code: 500	"Cannot read properties of undefined (reading 'name')"
12/10/2023 - 21:35:01	Code: 500	"Comment is not defined"
12/10/2023 - 21:42:39	Code: 500	"User is associated to Comment using an alias. You've included an alias (author), but it does not match the alias(es) defined in your association (User)."
12/10/2023 - 21:44:13	Code: 500	"Unknown column 'Comment.authorId' in 'field list'"
12/10/2023 - 21:45:00	Code: 500	"Table 'sdis-node.comments' doesn't exist"
12/10/2023 - 21:45:40	Code: 500	"Table 'sdis-node.comments' doesn't exist"
12/10/2023 - 21:47:40	Code: 500	"Table 'sdis-node.comments' doesn't exist"
12/10/2023 - 21:48:13	Code: 500	"Duplicate column name 'MatchId'"
12/10/2023 - 21:48:14	Code: 500	"Duplicate column name 'MatchId'"
12/10/2023 - 21:48:15	Code: 500	"Duplicate column name 'MatchId'"
12/10/2023 - 21:50:12	Code: 500	"Unknown column 'Comment.match' in 'where clause'"
12/10/2023 - 21:50:41	Code: 500	"Unknown column 'Comment.match' in 'where clause'"
12/10/2023 - 22:26:32	Code: 500	"Cannot read properties of undefined (reading 'id')"
12/10/2023 - 22:27:08	Code: 500	"Cannot read properties of undefined (reading 'id')"
12/10/2023 - 22:27:37	Code: 500	"User is associated to Comment using an alias. You must use the 'as' keyword to specify the alias within your include statement."
12/10/2023 - 22:28:07	Code: 500	"User is associated to Comment using an alias. You must use the 'as' keyword to specify the alias within your include statement."
17/10/2023 - 13:39:09	Code: 500	"Cannot set headers after they are sent to the client"
17/10/2023 - 14:31:08	Code: 500	"Cannot set headers after they are sent to the client"
17/10/2023 - 14:31:16	Code: 500	"Cannot set headers after they are sent to the client"
17/10/2023 - 14:34:11	Code: 500	"Cannot set headers after they are sent to the client"
17/10/2023 - 14:34:30	Code: 500	"Cannot set headers after they are sent to the client"
17/10/2023 - 14:35:27	Code: 500	"Cannot set headers after they are sent to the client"
17/10/2023 - 14:35:36	Code: 500	"Cannot set headers after they are sent to the client"
17/10/2023 - 14:36:22	Code: 500	"Cannot set headers after they are sent to the client"
17/10/2023 - 14:49:10	Code: 500	"res.statusStatus is not a function"
17/10/2023 - 16:34:14	Code: 500	"Cannot access 'comment' before initialization"
17/10/2023 - 17:14:24	Code: 500	"User is associated to Comment using an alias. You must use the 'as' keyword to specify the alias within your include statement."
19/10/2023 - 12:59:53	Code: 500	"Cannot read properties of undefined (reading 'listen')"
19/10/2023 - 13:00:14	Code: 500	"Cannot read properties of undefined (reading 'listen')"
19/10/2023 - 13:00:18	Code: 500	"Cannot read properties of undefined (reading 'listen')"
19/10/2023 - 14:53:19	Code: 500	"Cannot read properties of undefined (reading 'listen')"
19/10/2023 - 15:18:44	Code: 500	"__dirname is not defined"
19/10/2023 - 16:11:59	Code: 500	"The \"path\" argument must be of type string. Received undefined"
19/10/2023 - 16:12:35	Code: 500	"The \"path\" argument must be of type string. Received undefined"
19/10/2023 - 16:12:37	Code: 500	"The \"path\" argument must be of type string. Received undefined"
19/10/2023 - 16:13:22	Code: 500	"The \"path\" argument must be of type string. Received undefined"
19/10/2023 - 16:13:25	Code: 500	"The \"path\" argument must be of type string. Received undefined"
19/10/2023 - 16:17:58	Code: 500	"__dirname is not defined"
19/10/2023 - 16:18:39	Code: 500	"__dirname is not defined"
19/10/2023 - 16:20:22	Code: 500	"__dirname is not defined"
19/10/2023 - 16:20:26	Code: 500	"__dirname is not defined"
19/10/2023 - 23:41:13	Code inconnu	"Cannot drop table 'matches' referenced by a foreign key constraint 'comments_ibfk_2' on table 'Comments'."
19/10/2023 - 23:41:35	Code inconnu	"Cannot drop table 'matches' referenced by a foreign key constraint 'comments_ibfk_2' on table 'Comments'."
19/10/2023 - 23:41:47	Code inconnu	"Cannot drop table 'matches' referenced by a foreign key constraint 'comments_ibfk_2' on table 'Comments'."
19/10/2023 - 23:41:48	Code inconnu	"Cannot drop table 'matches' referenced by a foreign key constraint 'comments_ibfk_2' on table 'Comments'."
19/10/2023 - 23:41:48	Code inconnu	"Cannot drop table 'matches' referenced by a foreign key constraint 'comments_ibfk_2' on table 'Comments'."
19/10/2023 - 23:44:40	Code: 500	"Table 'sdis-node.matches' doesn't exist"
19/10/2023 - 23:50:35	Code: 500	"Unknown column 'team1' in 'field list'"
19/10/2023 - 23:50:59	Code: 500	"Referencing column 'authorId' and referenced column 'id' in foreign key constraint 'comments_ibfk_1' are incompatible."
19/10/2023 - 23:52:27	Code: 500	"Unknown column 'Comment.body' in 'field list'"
19/10/2023 - 23:52:49	Code: 500	"Unknown column 'Comment.body' in 'field list'"
19/10/2023 - 23:53:55	Code: 500	"Unknown column 'Comment.createdAt' in 'field list'"
19/10/2023 - 23:53:55	Code: 500	"Unknown column 'Comment.createdAt' in 'field list'"
19/10/2023 - 23:53:56	Code: 500	"Unknown column 'Comment.createdAt' in 'field list'"
19/10/2023 - 23:54:20	Code: 500	"Unknown column 'Comment.updatedAt' in 'field list'"
19/10/2023 - 23:54:39	Code: 500	"Unknown column 'Comment.authorId' in 'field list'"
20/10/2023 - 00:27:16	Code: 500	"Cannot read properties of undefined (reading 'user')"
20/10/2023 - 00:27:47	Code: 500	"Cannot read properties of undefined (reading 'user')"
20/10/2023 - 00:28:09	Code: 500	"Cannot read properties of undefined (reading 'user')"
20/10/2023 - 00:28:18	Code: 500	"Cannot read properties of undefined (reading 'user')"
